<?xml version="1.0" encoding="UTF-8"?>
<!-- Generated by org.testng.reporters.JUnitReportReporter -->
<testsuite hostname="Sreeni" name="com.api.rmgYantra.GetSingleProject" tests="2" failures="0" timestamp="22 Apr 2021 16:09:18 GMT" time="11.439" errors="0">
  <testcase name="getAllProjects" time="8.014" classname="com.api.rmgYantra.GetSingleProject"/>
  <testcase name="getSignleProject" time="3.425" classname="com.api.rmgYantra.GetSingleProject"/>
</testsuite> <!-- com.api.rmgYantra.GetSingleProject -->
